\BOOKMARK [1][-]{section.0.1}{References}{}% 1
\BOOKMARK [0][-]{chapter.1}{The\040history\040of\040research\040in\040grammaticalization}{}% 2
\BOOKMARK [0][-]{chapter.2}{Grammaticalization:\040characterization\040and\040delimitation\040of\040the\040concept}{}% 3
\BOOKMARK [1][-]{section.2.1}{The term ‘grammaticalization’}{chapter.2}% 4
\BOOKMARK [1][-]{section.2.2}{The meaning of ‘grammaticalization’}{chapter.2}% 5
\BOOKMARK [1][-]{section.2.3}{Degrammaticalization}{chapter.2}% 6
\BOOKMARK [1][-]{section.2.4}{Renovation\040and\040innovation}{chapter.2}% 7
\BOOKMARK [1][-]{section.2.5}{Reinforcement}{chapter.2}% 8
\BOOKMARK [0][-]{chapter.3}{Grammatical\040domains}{}% 9
\BOOKMARK [1][-]{section.3.1}{Verbal\040complexes}{chapter.3}% 10
\BOOKMARK [2][-]{subsection.3.1.1}{Existence\040and\040possession}{section.3.1}% 11
\BOOKMARK [2][-]{subsection.3.1.2}{The\040copula}{section.3.1}% 12
\BOOKMARK [2][-]{subsection.3.1.3}{Modals\040and\040moods}{section.3.1}% 13
\BOOKMARK [2][-]{subsection.3.1.4}{Tense\040and\040aspect}{section.3.1}% 14
\BOOKMARK [2][-]{subsection.3.1.5}{Passive\040and\040emphasis}{section.3.1}% 15
\BOOKMARK [2][-]{subsection.3.1.6}{Auxiliaries\040and\040alternative\040sources}{section.3.1}% 16
\BOOKMARK [1][-]{section.3.2}{Pronominal\040elements}{chapter.3}% 17
\BOOKMARK [2][-]{subsection.3.2.1}{Definite\040pronominal\040elements}{section.3.2}% 18
\BOOKMARK [3][-]{subsubsection.3.2.1.1}{Definite\040determiners}{subsection.3.2.1}% 19
\BOOKMARK [3][-]{subsubsection.3.2.1.2}{Personal\040pronouns}{subsection.3.2.1}% 20
\BOOKMARK [3][-]{subsubsection.3.2.1.3}{Reflexive\040pronouns}{subsection.3.2.1}% 21
\BOOKMARK [2][-]{subsection.3.2.2}{Indefinite\040pronominal\040elements}{section.3.2}% 22
\BOOKMARK [3][-]{subsubsection.3.2.2.1}{Interrogative\040pronouns}{subsection.3.2.2}% 23
\BOOKMARK [3][-]{subsubsection.3.2.2.2}{Indefinite\040pronouns}{subsection.3.2.2}% 24
\BOOKMARK [3][-]{subsubsection.3.2.2.3}{Negative\040indefinites}{subsection.3.2.2}% 25
\BOOKMARK [3][-]{subsubsection.3.2.2.4}{Conclusion}{subsection.3.2.2}% 26
\BOOKMARK [1][-]{section.3.3}{Nominal\040complexes}{chapter.3}% 27
\BOOKMARK [2][-]{subsection.3.3.1}{Nominal\040categories}{section.3.3}% 28
\BOOKMARK [3][-]{subsubsection.3.3.1.1}{Number}{subsection.3.3.1}% 29
\BOOKMARK [3][-]{subsubsection.3.3.1.2}{Numeral\040classifiers}{subsection.3.3.1}% 30
\BOOKMARK [2][-]{subsection.3.3.2}{Nominalization}{section.3.3}% 31
\BOOKMARK [2][-]{subsection.3.3.3}{Attribution}{section.3.3}% 32
\BOOKMARK [1][-]{section.3.4}{Clause\040level\040relations}{chapter.3}% 33
\BOOKMARK [2][-]{subsection.3.4.1}{Adverbial\040relations}{section.3.4}% 34
\BOOKMARK [3][-]{subsubsection.3.4.1.1}{Adverbial\040relators}{subsection.3.4.1}% 35
\BOOKMARK [3][-]{subsubsection.3.4.1.2}{Relational\040nouns}{subsection.3.4.1}% 36
\BOOKMARK [3][-]{subsubsection.3.4.1.3}{From\040adposition\040to\040case\040affix}{subsection.3.4.1}% 37
\BOOKMARK [3][-]{subsubsection.3.4.1.4}{Adverbs}{subsection.3.4.1}% 38
\BOOKMARK [3][-]{subsubsection.3.4.1.5}{Renovations\040and\040reinforcements}{subsection.3.4.1}% 39
\BOOKMARK [3][-]{subsubsection.3.4.1.6}{Preverbs}{subsection.3.4.1}% 40
\BOOKMARK [3][-]{subsubsection.3.4.1.7}{Coverbs}{subsection.3.4.1}% 41
\BOOKMARK [2][-]{subsection.3.4.2}{Main\040actant\040relations}{section.3.4}% 42
\BOOKMARK [3][-]{subsubsection.3.4.2.1}{Terminology}{subsection.3.4.2}% 43
\BOOKMARK [3][-]{subsubsection.3.4.2.2}{Grammatical\040cases}{subsection.3.4.2}% 44
\BOOKMARK [3][-]{subsubsection.3.4.2.3}{From\040functional\040sentence\040perspective\040to\040syntax}{subsection.3.4.2}% 45
\BOOKMARK [1][-]{section.3.5}{Conclusion}{chapter.3}% 46
\BOOKMARK [0][-]{chapter.4}{Parameters\040of\040grammaticalization}{}% 47
\BOOKMARK [1][-]{section.4.1}{Theoretical\040prerequisites}{chapter.4}% 48
\BOOKMARK [1][-]{section.4.2}{Paradigmatic\040parameters}{chapter.4}% 49
\BOOKMARK [2][-]{subsection.4.2.1}{Integrity}{section.4.2}% 50
\BOOKMARK [2][-]{subsection.4.2.2}{Paradigmaticity}{section.4.2}% 51
\BOOKMARK [2][-]{subsection.4.2.3}{Paradigmatic\040variability}{section.4.2}% 52
\BOOKMARK [1][-]{section.4.3}{Syntagmatic\040parameters}{chapter.4}% 53
\BOOKMARK [2][-]{subsection.4.3.1}{Structural\040scope}{section.4.3}% 54
\BOOKMARK [2][-]{subsection.4.3.2}{Bondedness}{section.4.3}% 55
\BOOKMARK [2][-]{subsection.4.3.3}{Syntagmatic\040variability}{section.4.3}% 56
\BOOKMARK [1][-]{section.4.4}{Interaction\040of\040parameters}{chapter.4}% 57
\BOOKMARK [2][-]{subsection.4.4.1}{Quantifiability\040of\040the\040parameters}{section.4.4}% 58
\BOOKMARK [2][-]{subsection.4.4.2}{Correlation\040among\040the\040parameters}{section.4.4}% 59
\BOOKMARK [2][-]{subsection.4.4.3}{Lack\040of\040correlation}{section.4.4}% 60
\BOOKMARK [2][-]{subsection.4.4.4}{Reduction\040to\040zero\040and\040fixation\040of\040word\040order}{section.4.4}% 61
